@!@!@STARTMSG 2262:0 @!@!@
TLC2 Version 2.14 of 10 July 2019
@!@!@ENDMSG 2262 @!@!@
@!@!@STARTMSG 2187:0 @!@!@
Running breadth-first search Model-Checking with fp 104 and seed -9179080222222901366 with 6 workers on 12 cores with 1200MB heap and 2699MB offheap memory [pid: 14532] (Windows 10 10.0 amd64, AdoptOpenJDK 11.0.3 x86_64, OffHeapDiskFPSet, DiskStateQueue).
@!@!@ENDMSG 2187 @!@!@
@!@!@STARTMSG 2220:0 @!@!@
Starting SANY...
@!@!@ENDMSG 2220 @!@!@
Parsing file D:\TLA+\toolbox\snowflake_atomic\snowflake_atomic.toolbox\Model_1\MC.tla
Parsing file D:\TLA+\toolbox\snowflake_atomic\snowflake_atomic.toolbox\Model_1\snowflake_atomic.tla
Parsing file D:\TLA+\toolbox\plugins\org.lamport.tlatools_1.0.0.201907102009\tla2sany\StandardModules\TLC.tla
Parsing file D:\TLA+\toolbox\plugins\org.lamport.tlatools_1.0.0.201907102009\tla2sany\StandardModules\Sequences.tla
Parsing file D:\TLA+\toolbox\plugins\org.lamport.tlatools_1.0.0.201907102009\tla2sany\StandardModules\Integers.tla
Parsing file D:\TLA+\toolbox\plugins\org.lamport.tlatools_1.0.0.201907102009\tla2sany\StandardModules\Naturals.tla
Parsing file D:\TLA+\toolbox\plugins\org.lamport.tlatools_1.0.0.201907102009\tla2sany\StandardModules\FiniteSets.tla
Semantic processing of module Naturals
Semantic processing of module Sequences
Semantic processing of module Integers
Semantic processing of module FiniteSets
Semantic processing of module TLC
Semantic processing of module snowflake_atomic
Semantic processing of module MC
@!@!@STARTMSG 2219:0 @!@!@
SANY finished.
@!@!@ENDMSG 2219 @!@!@
@!@!@STARTMSG 2185:0 @!@!@
Starting... (2020-05-21 21:48:59)
@!@!@ENDMSG 2185 @!@!@
@!@!@STARTMSG 2212:0 @!@!@
Implied-temporal checking--satisfiability problem has 1 branches.
@!@!@ENDMSG 2212 @!@!@
@!@!@STARTMSG 2189:0 @!@!@
Computing initial states...
@!@!@ENDMSG 2189 @!@!@
@!@!@STARTMSG 2190:0 @!@!@
Finished computing initial states: 1 distinct state generated at 2020-05-21 21:49:00.
@!@!@ENDMSG 2190 @!@!@
@!@!@STARTMSG 2200:0 @!@!@
Progress(15) at 2020-05-21 21:49:00: 6,639 states generated, 1,222 distinct states found, 0 states left on queue.
@!@!@ENDMSG 2200 @!@!@
@!@!@STARTMSG 2192:0 @!@!@
Checking temporal properties for the complete state space with 1222 total distinct states at (2020-05-21 21:49:00)
@!@!@ENDMSG 2192 @!@!@
@!@!@STARTMSG 2116:1 @!@!@
Temporal properties were violated.

@!@!@ENDMSG 2116 @!@!@
@!@!@STARTMSG 2264:1 @!@!@
The following behavior constitutes a counter-example:

@!@!@ENDMSG 2264 @!@!@
@!@!@STARTMSG 2217:4 @!@!@
1: <Initial predicate>
/\ decision = <<FALSE, FALSE, FALSE, FALSE, FALSE>>
/\ counter = {}
/\ pc = <<"LOOOP", "LOOOP", "LOOOP", "LOOOP", "LOOOP">>
/\ colors = <<1, 1, 2, 2, 2>>
/\ query = {}
/\ count = <<1, 1, 1, 1, 1>>
/\ decided = <<2, 2, 2, 2, 2>>
/\ majority = <<FALSE, FALSE, FALSE, FALSE, FALSE>>
/\ rounds = <<1, 1, 1, 1, 1>>
/\ conviction = <<0, 0, 0, 0, 0>>

@!@!@ENDMSG 2217 @!@!@
@!@!@STARTMSG 2217:4 @!@!@
2: <LOOOP line 110, col 16 to line 122, col 54 of module snowflake_atomic>
/\ decision = <<FALSE, FALSE, FALSE, FALSE, FALSE>>
/\ counter = {[myrounds |-> 1, color |-> 1, node |-> 1]}
/\ pc = <<"LOOOP", "LOOOP", "LOOOP", "LOOOP", "LOOOP">>
/\ colors = <<1, 1, 2, 2, 2>>
/\ query = {}
/\ count = <<1, 1, 1, 1, 1>>
/\ decided = <<2, 2, 2, 2, 2>>
/\ majority = <<FALSE, FALSE, FALSE, FALSE, FALSE>>
/\ rounds = <<1, 1, 1, 1, 1>>
/\ conviction = <<0, 0, 0, 0, 0>>

@!@!@ENDMSG 2217 @!@!@
@!@!@STARTMSG 2217:4 @!@!@
3: <LOOOP line 110, col 16 to line 122, col 54 of module snowflake_atomic>
/\ decision = <<FALSE, FALSE, FALSE, FALSE, FALSE>>
/\ counter = { [myrounds |-> 1, color |-> 1, node |-> 1],
  [myrounds |-> 1, color |-> 1, node |-> 2] }
/\ pc = <<"LOOOP", "LOOOP", "LOOOP", "LOOOP", "LOOOP">>
/\ colors = <<1, 1, 2, 2, 2>>
/\ query = {}
/\ count = <<1, 1, 1, 1, 1>>
/\ decided = <<2, 2, 2, 2, 2>>
/\ majority = <<FALSE, FALSE, FALSE, FALSE, FALSE>>
/\ rounds = <<1, 1, 1, 1, 1>>
/\ conviction = <<0, 0, 0, 0, 0>>

@!@!@ENDMSG 2217 @!@!@
@!@!@STARTMSG 2217:4 @!@!@
4: <LOOOP line 110, col 16 to line 122, col 54 of module snowflake_atomic>
/\ decision = <<FALSE, FALSE, FALSE, FALSE, FALSE>>
/\ counter = { [myrounds |-> 1, color |-> 1, node |-> 1],
  [myrounds |-> 1, color |-> 1, node |-> 2],
  [myrounds |-> 1, color |-> 1, node |-> 3] }
/\ pc = <<"LOOOP", "LOOOP", "WAIT", "LOOOP", "LOOOP">>
/\ colors = <<1, 1, 1, 2, 2>>
/\ query = {}
/\ count = <<1, 1, 1, 1, 1>>
/\ decided = <<2, 2, 2, 2, 2>>
/\ majority = <<FALSE, FALSE, FALSE, FALSE, FALSE>>
/\ rounds = <<1, 1, 1, 1, 1>>
/\ conviction = <<0, 0, 0, 0, 0>>

@!@!@ENDMSG 2217 @!@!@
@!@!@STARTMSG 2217:4 @!@!@
5: <LOOOP line 110, col 16 to line 122, col 54 of module snowflake_atomic>
/\ decision = <<FALSE, FALSE, FALSE, FALSE, FALSE>>
/\ counter = { [myrounds |-> 1, color |-> 1, node |-> 1],
  [myrounds |-> 1, color |-> 1, node |-> 2],
  [myrounds |-> 1, color |-> 1, node |-> 3],
  [myrounds |-> 1, color |-> 1, node |-> 5] }
/\ pc = <<"LOOOP", "LOOOP", "WAIT", "LOOOP", "WAIT">>
/\ colors = <<1, 1, 1, 2, 1>>
/\ query = {}
/\ count = <<1, 1, 1, 1, 1>>
/\ decided = <<2, 2, 2, 2, 2>>
/\ majority = <<FALSE, FALSE, FALSE, FALSE, FALSE>>
/\ rounds = <<1, 1, 1, 1, 1>>
/\ conviction = <<0, 0, 0, 0, 0>>

@!@!@ENDMSG 2217 @!@!@
@!@!@STARTMSG 2217:4 @!@!@
6: <WAIT line 124, col 15 to line 128, col 63 of module snowflake_atomic>
/\ decision = <<FALSE, FALSE, FALSE, FALSE, FALSE>>
/\ counter = { [myrounds |-> 1, color |-> 1, node |-> 1],
  [myrounds |-> 1, color |-> 1, node |-> 2],
  [myrounds |-> 1, color |-> 1, node |-> 3],
  [myrounds |-> 1, color |-> 1, node |-> 5] }
/\ pc = <<"LOOOP", "LOOOP", "CONVI", "LOOOP", "WAIT">>
/\ colors = <<1, 1, 1, 2, 1>>
/\ query = {}
/\ count = <<1, 1, 1, 1, 1>>
/\ decided = <<2, 2, 2, 2, 2>>
/\ majority = <<FALSE, FALSE, FALSE, FALSE, FALSE>>
/\ rounds = <<1, 1, 1, 1, 1>>
/\ conviction = <<0, 0, 0, 0, 0>>

@!@!@ENDMSG 2217 @!@!@
@!@!@STARTMSG 2217:4 @!@!@
7: <CONVI line 130, col 16 to line 151, col 55 of module snowflake_atomic>
/\ decision = <<FALSE, FALSE, FALSE, FALSE, FALSE>>
/\ counter = { [myrounds |-> 1, color |-> 1, node |-> 1],
  [myrounds |-> 1, color |-> 1, node |-> 2],
  [myrounds |-> 1, color |-> 1, node |-> 3],
  [myrounds |-> 1, color |-> 1, node |-> 5] }
/\ pc = <<"LOOOP", "LOOOP", "LOOOP", "LOOOP", "WAIT">>
/\ colors = <<1, 1, 1, 2, 1>>
/\ query = {}
/\ count = <<1, 1, 1, 1, 1>>
/\ decided = <<2, 2, 2, 2, 2>>
/\ majority = <<FALSE, FALSE, FALSE, FALSE, FALSE>>
/\ rounds = <<1, 1, 2, 1, 1>>
/\ conviction = <<0, 0, 0, 0, 0>>

@!@!@ENDMSG 2217 @!@!@
@!@!@STARTMSG 2217:4 @!@!@
8: <LOOOP line 110, col 16 to line 122, col 54 of module snowflake_atomic>
/\ decision = <<FALSE, FALSE, FALSE, FALSE, FALSE>>
/\ counter = { [myrounds |-> 1, color |-> 1, node |-> 1],
  [myrounds |-> 1, color |-> 1, node |-> 2],
  [myrounds |-> 1, color |-> 1, node |-> 3],
  [myrounds |-> 1, color |-> 1, node |-> 5],
  [myrounds |-> 2, color |-> 1, node |-> 3] }
/\ pc = <<"LOOOP", "LOOOP", "LOOOP", "LOOOP", "WAIT">>
/\ colors = <<1, 1, 1, 2, 1>>
/\ query = {}
/\ count = <<1, 1, 1, 1, 1>>
/\ decided = <<2, 2, 2, 2, 2>>
/\ majority = <<FALSE, FALSE, FALSE, FALSE, FALSE>>
/\ rounds = <<1, 1, 2, 1, 1>>
/\ conviction = <<0, 0, 0, 0, 0>>

@!@!@ENDMSG 2217 @!@!@
@!@!@STARTMSG 2217:4 @!@!@
9: <WAIT line 124, col 15 to line 128, col 63 of module snowflake_atomic>
/\ decision = <<FALSE, FALSE, FALSE, FALSE, FALSE>>
/\ counter = { [myrounds |-> 1, color |-> 1, node |-> 1],
  [myrounds |-> 1, color |-> 1, node |-> 2],
  [myrounds |-> 1, color |-> 1, node |-> 3],
  [myrounds |-> 1, color |-> 1, node |-> 5],
  [myrounds |-> 2, color |-> 1, node |-> 3] }
/\ pc = <<"LOOOP", "LOOOP", "LOOOP", "LOOOP", "CONVI">>
/\ colors = <<1, 1, 1, 2, 1>>
/\ query = {}
/\ count = <<1, 1, 1, 1, 1>>
/\ decided = <<2, 2, 2, 2, 2>>
/\ majority = <<FALSE, FALSE, FALSE, FALSE, FALSE>>
/\ rounds = <<1, 1, 2, 1, 1>>
/\ conviction = <<0, 0, 0, 0, 0>>

@!@!@ENDMSG 2217 @!@!@
@!@!@STARTMSG 2217:4 @!@!@
10: <CONVI line 130, col 16 to line 151, col 55 of module snowflake_atomic>
/\ decision = <<FALSE, FALSE, FALSE, FALSE, FALSE>>
/\ counter = { [myrounds |-> 1, color |-> 1, node |-> 1],
  [myrounds |-> 1, color |-> 1, node |-> 2],
  [myrounds |-> 1, color |-> 1, node |-> 3],
  [myrounds |-> 1, color |-> 1, node |-> 5],
  [myrounds |-> 2, color |-> 1, node |-> 3] }
/\ pc = <<"LOOOP", "LOOOP", "LOOOP", "LOOOP", "LOOOP">>
/\ colors = <<1, 1, 1, 2, 1>>
/\ query = {}
/\ count = <<1, 1, 1, 1, 1>>
/\ decided = <<2, 2, 2, 2, 2>>
/\ majority = <<FALSE, FALSE, FALSE, FALSE, TRUE>>
/\ rounds = <<1, 1, 2, 1, 2>>
/\ conviction = <<0, 0, 0, 0, 1>>

@!@!@ENDMSG 2217 @!@!@
@!@!@STARTMSG 2217:4 @!@!@
11: <LOOOP line 110, col 16 to line 122, col 54 of module snowflake_atomic>
/\ decision = <<FALSE, FALSE, FALSE, FALSE, FALSE>>
/\ counter = { [myrounds |-> 1, color |-> 1, node |-> 1],
  [myrounds |-> 1, color |-> 1, node |-> 2],
  [myrounds |-> 1, color |-> 1, node |-> 3],
  [myrounds |-> 1, color |-> 1, node |-> 4],
  [myrounds |-> 1, color |-> 1, node |-> 5],
  [myrounds |-> 2, color |-> 1, node |-> 3] }
/\ pc = <<"LOOOP", "LOOOP", "LOOOP", "WAIT", "LOOOP">>
/\ colors = <<1, 1, 1, 1, 1>>
/\ query = {}
/\ count = <<1, 1, 1, 1, 1>>
/\ decided = <<2, 2, 2, 2, 2>>
/\ majority = <<FALSE, FALSE, FALSE, FALSE, TRUE>>
/\ rounds = <<1, 1, 2, 1, 2>>
/\ conviction = <<0, 0, 0, 0, 1>>

@!@!@ENDMSG 2217 @!@!@
@!@!@STARTMSG 2217:4 @!@!@
12: <LOOOP line 110, col 16 to line 122, col 54 of module snowflake_atomic>
/\ decision = <<FALSE, FALSE, FALSE, FALSE, FALSE>>
/\ counter = { [myrounds |-> 1, color |-> 1, node |-> 1],
  [myrounds |-> 1, color |-> 1, node |-> 2],
  [myrounds |-> 1, color |-> 1, node |-> 3],
  [myrounds |-> 1, color |-> 1, node |-> 4],
  [myrounds |-> 1, color |-> 1, node |-> 5],
  [myrounds |-> 2, color |-> 1, node |-> 3],
  [myrounds |-> 2, color |-> 1, node |-> 5] }
/\ pc = <<"LOOOP", "LOOOP", "LOOOP", "WAIT", "LOOOP">>
/\ colors = <<1, 1, 1, 1, 1>>
/\ query = {}
/\ count = <<1, 1, 1, 1, 1>>
/\ decided = <<2, 2, 2, 2, 2>>
/\ majority = <<FALSE, FALSE, FALSE, FALSE, TRUE>>
/\ rounds = <<1, 1, 2, 1, 2>>
/\ conviction = <<0, 0, 0, 0, 1>>

@!@!@ENDMSG 2217 @!@!@
@!@!@STARTMSG 2217:4 @!@!@
13: <WAIT line 124, col 15 to line 128, col 63 of module snowflake_atomic>
/\ decision = <<FALSE, FALSE, FALSE, FALSE, FALSE>>
/\ counter = { [myrounds |-> 1, color |-> 1, node |-> 1],
  [myrounds |-> 1, color |-> 1, node |-> 2],
  [myrounds |-> 1, color |-> 1, node |-> 3],
  [myrounds |-> 1, color |-> 1, node |-> 4],
  [myrounds |-> 1, color |-> 1, node |-> 5],
  [myrounds |-> 2, color |-> 1, node |-> 3],
  [myrounds |-> 2, color |-> 1, node |-> 5] }
/\ pc = <<"LOOOP", "LOOOP", "LOOOP", "CONVI", "LOOOP">>
/\ colors = <<1, 1, 1, 1, 1>>
/\ query = {}
/\ count = <<1, 1, 1, 1, 1>>
/\ decided = <<2, 2, 2, 2, 2>>
/\ majority = <<FALSE, FALSE, FALSE, FALSE, TRUE>>
/\ rounds = <<1, 1, 2, 1, 2>>
/\ conviction = <<0, 0, 0, 0, 1>>

@!@!@ENDMSG 2217 @!@!@
@!@!@STARTMSG 2217:4 @!@!@
14: <CONVI line 130, col 16 to line 151, col 55 of module snowflake_atomic>
/\ decision = <<FALSE, FALSE, FALSE, FALSE, FALSE>>
/\ counter = { [myrounds |-> 1, color |-> 1, node |-> 1],
  [myrounds |-> 1, color |-> 1, node |-> 2],
  [myrounds |-> 1, color |-> 1, node |-> 3],
  [myrounds |-> 1, color |-> 1, node |-> 4],
  [myrounds |-> 1, color |-> 1, node |-> 5],
  [myrounds |-> 2, color |-> 1, node |-> 3],
  [myrounds |-> 2, color |-> 1, node |-> 5] }
/\ pc = <<"LOOOP", "LOOOP", "LOOOP", "LOOOP", "LOOOP">>
/\ colors = <<1, 1, 1, 1, 1>>
/\ query = {}
/\ count = <<1, 1, 1, 1, 1>>
/\ decided = <<2, 2, 2, 2, 2>>
/\ majority = <<FALSE, FALSE, FALSE, FALSE, TRUE>>
/\ rounds = <<1, 1, 2, 2, 2>>
/\ conviction = <<0, 0, 0, 0, 1>>

@!@!@ENDMSG 2217 @!@!@
@!@!@STARTMSG 2217:4 @!@!@
15: <LOOOP line 110, col 16 to line 122, col 54 of module snowflake_atomic>
/\ decision = <<FALSE, FALSE, FALSE, FALSE, FALSE>>
/\ counter = { [myrounds |-> 1, color |-> 1, node |-> 1],
  [myrounds |-> 1, color |-> 1, node |-> 2],
  [myrounds |-> 1, color |-> 1, node |-> 3],
  [myrounds |-> 1, color |-> 1, node |-> 4],
  [myrounds |-> 1, color |-> 1, node |-> 5],
  [myrounds |-> 2, color |-> 1, node |-> 3],
  [myrounds |-> 2, color |-> 1, node |-> 4],
  [myrounds |-> 2, color |-> 1, node |-> 5] }
/\ pc = <<"LOOOP", "LOOOP", "LOOOP", "LOOOP", "LOOOP">>
/\ colors = <<1, 1, 1, 1, 1>>
/\ query = {}
/\ count = <<1, 1, 1, 1, 1>>
/\ decided = <<2, 2, 2, 2, 2>>
/\ majority = <<FALSE, FALSE, FALSE, FALSE, TRUE>>
/\ rounds = <<1, 1, 2, 2, 2>>
/\ conviction = <<0, 0, 0, 0, 1>>

@!@!@ENDMSG 2217 @!@!@
@!@!@STARTMSG 2218:4 @!@!@
16: Stuttering
@!@!@ENDMSG 2218 @!@!@
@!@!@STARTMSG 2267:0 @!@!@
Finished checking temporal properties in 00s at 2020-05-21 21:49:00
@!@!@ENDMSG 2267 @!@!@
@!@!@STARTMSG 2201:0 @!@!@
The coverage statistics at 2020-05-21 21:49:00
@!@!@ENDMSG 2201 @!@!@
@!@!@STARTMSG 2773:0 @!@!@
<Init line 97, col 1 to line 97, col 4 of module snowflake_atomic>: 2:2
@!@!@ENDMSG 2773 @!@!@
@!@!@STARTMSG 2221:0 @!@!@
  line 98, col 9 to line 108, col 46 of module snowflake_atomic: 2
@!@!@ENDMSG 2221 @!@!@
@!@!@STARTMSG 2772:0 @!@!@
<LOOOP line 110, col 1 to line 110, col 11 of module snowflake_atomic>: 592:5075
@!@!@ENDMSG 2772 @!@!@
@!@!@STARTMSG 2221:0 @!@!@
  line 110, col 19 to line 110, col 36 of module snowflake_atomic: 11261
@!@!@ENDMSG 2221 @!@!@
@!@!@STARTMSG 2221:0 @!@!@
  |line 110, col 19 to line 110, col 26 of module snowflake_atomic: 6186
@!@!@ENDMSG 2221 @!@!@
@!@!@STARTMSG 2221:0 @!@!@
  line 111, col 22 to line 111, col 42 of module snowflake_atomic: 5075
@!@!@ENDMSG 2221 @!@!@
@!@!@STARTMSG 2221:0 @!@!@
  line 112, col 33 to line 112, col 48 of module snowflake_atomic: 5075
@!@!@ENDMSG 2221 @!@!@
@!@!@STARTMSG 2221:0 @!@!@
  line 113, col 41 to line 113, col 138 of module snowflake_atomic: 4663
@!@!@ENDMSG 2221 @!@!@
@!@!@STARTMSG 2221:0 @!@!@
  line 114, col 41 to line 114, col 75 of module snowflake_atomic: 4663
@!@!@ENDMSG 2221 @!@!@
@!@!@STARTMSG 2221:0 @!@!@
  line 115, col 41 to line 115, col 56 of module snowflake_atomic: 4663
@!@!@ENDMSG 2221 @!@!@
@!@!@STARTMSG 2221:0 @!@!@
  line 116, col 38 to line 118, col 74 of module snowflake_atomic: 412
@!@!@ENDMSG 2221 @!@!@
@!@!@STARTMSG 2221:0 @!@!@
  line 119, col 30 to line 119, col 63 of module snowflake_atomic: 0
@!@!@ENDMSG 2221 @!@!@
@!@!@STARTMSG 2221:0 @!@!@
  line 120, col 30 to line 120, col 60 of module snowflake_atomic: 0
@!@!@ENDMSG 2221 @!@!@
@!@!@STARTMSG 2221:0 @!@!@
  line 121, col 19 to line 122, col 54 of module snowflake_atomic: 5075
@!@!@ENDMSG 2221 @!@!@
@!@!@STARTMSG 2772:0 @!@!@
<WAIT line 124, col 1 to line 124, col 10 of module snowflake_atomic>: 215:548
@!@!@ENDMSG 2772 @!@!@
@!@!@STARTMSG 2221:0 @!@!@
  line 124, col 18 to line 124, col 34 of module snowflake_atomic: 6726
@!@!@ENDMSG 2221 @!@!@
@!@!@STARTMSG 2221:0 @!@!@
  |line 124, col 18 to line 124, col 25 of module snowflake_atomic: 6178
@!@!@ENDMSG 2221 @!@!@
@!@!@STARTMSG 2221:0 @!@!@
  line 125, col 19 to line 125, col 57 of module snowflake_atomic: 548
@!@!@ENDMSG 2221 @!@!@
@!@!@STARTMSG 2221:0 @!@!@
  |line 125, col 19 to line 125, col 53 of module snowflake_atomic: 565
@!@!@ENDMSG 2221 @!@!@
@!@!@STARTMSG 2221:0 @!@!@
  ||line 125, col 31 to line 125, col 52 of module snowflake_atomic: 565
@!@!@ENDMSG 2221 @!@!@
@!@!@STARTMSG 2221:0 @!@!@
  |||line 87, col 20 to line 87, col 60 of module snowflake_atomic: 565
@!@!@ENDMSG 2221 @!@!@
@!@!@STARTMSG 2221:0 @!@!@
  ||||line 87, col 39 to line 87, col 59 of module snowflake_atomic: 2475
@!@!@ENDMSG 2221 @!@!@
@!@!@STARTMSG 2221:0 @!@!@
  ||||line 87, col 30 to line 87, col 36 of module snowflake_atomic: 565
@!@!@ENDMSG 2221 @!@!@
@!@!@STARTMSG 2221:0 @!@!@
  |||line 125, col 40 to line 125, col 51 of module snowflake_atomic: 565
@!@!@ENDMSG 2221 @!@!@
@!@!@STARTMSG 2221:0 @!@!@
  |line 125, col 57 to line 125, col 57 of module snowflake_atomic: 565
@!@!@ENDMSG 2221 @!@!@
@!@!@STARTMSG 2221:0 @!@!@
  line 126, col 18 to line 126, col 52 of module snowflake_atomic: 548
@!@!@ENDMSG 2221 @!@!@
@!@!@STARTMSG 2221:0 @!@!@
  line 127, col 18 to line 128, col 63 of module snowflake_atomic: 548
@!@!@ENDMSG 2221 @!@!@
@!@!@STARTMSG 2772:0 @!@!@
<CONVI line 130, col 1 to line 130, col 11 of module snowflake_atomic>: 414:1092
@!@!@ENDMSG 2772 @!@!@
@!@!@STARTMSG 2221:0 @!@!@
  line 130, col 19 to line 130, col 36 of module snowflake_atomic: 6721
@!@!@ENDMSG 2221 @!@!@
@!@!@STARTMSG 2221:0 @!@!@
  |line 130, col 19 to line 130, col 26 of module snowflake_atomic: 6175
@!@!@ENDMSG 2221 @!@!@
@!@!@STARTMSG 2221:0 @!@!@
  line 132, col 24 to line 132, col 76 of module snowflake_atomic: 1092
@!@!@ENDMSG 2221 @!@!@
@!@!@STARTMSG 2221:0 @!@!@
  |line 132, col 24 to line 132, col 65 of module snowflake_atomic: 1092
@!@!@ENDMSG 2221 @!@!@
@!@!@STARTMSG 2221:0 @!@!@
  ||line 132, col 36 to line 132, col 64 of module snowflake_atomic: 1092
@!@!@ENDMSG 2221 @!@!@
@!@!@STARTMSG 2221:0 @!@!@
  |||line 88, col 27 to line 88, col 85 of module snowflake_atomic: 1092
@!@!@ENDMSG 2221 @!@!@
@!@!@STARTMSG 2221:0 @!@!@
  ||||line 88, col 46 to line 88, col 84 of module snowflake_atomic: 4874
@!@!@ENDMSG 2221 @!@!@
@!@!@STARTMSG 2221:0 @!@!@
  |||||line 88, col 46 to line 88, col 59 of module snowflake_atomic: 4874
@!@!@ENDMSG 2221 @!@!@
@!@!@STARTMSG 2221:0 @!@!@
  |||||line 88, col 64 to line 88, col 84 of module snowflake_atomic: 2437
@!@!@ENDMSG 2221 @!@!@
@!@!@STARTMSG 2221:0 @!@!@
  ||||line 88, col 37 to line 88, col 43 of module snowflake_atomic: 1092
@!@!@ENDMSG 2221 @!@!@
@!@!@STARTMSG 2221:0 @!@!@
  |||line 132, col 49 to line 132, col 49 of module snowflake_atomic: 1092
@!@!@ENDMSG 2221 @!@!@
@!@!@STARTMSG 2221:0 @!@!@
  |||line 132, col 52 to line 132, col 63 of module snowflake_atomic: 546
@!@!@ENDMSG 2221 @!@!@
@!@!@STARTMSG 2221:0 @!@!@
  |line 132, col 72 to line 132, col 76 of module snowflake_atomic: 1092
@!@!@ENDMSG 2221 @!@!@
@!@!@STARTMSG 2221:0 @!@!@
  line 133, col 32 to line 133, col 75 of module snowflake_atomic: 546
@!@!@ENDMSG 2221 @!@!@
@!@!@STARTMSG 2221:0 @!@!@
  line 134, col 35 to line 134, col 50 of module snowflake_atomic: 546
@!@!@ENDMSG 2221 @!@!@
@!@!@STARTMSG 2221:0 @!@!@
  line 135, col 43 to line 135, col 79 of module snowflake_atomic: 0
@!@!@ENDMSG 2221 @!@!@
@!@!@STARTMSG 2221:0 @!@!@
  line 136, col 43 to line 136, col 106 of module snowflake_atomic: 0
@!@!@ENDMSG 2221 @!@!@
@!@!@STARTMSG 2221:0 @!@!@
  line 137, col 43 to line 137, col 75 of module snowflake_atomic: 0
@!@!@ENDMSG 2221 @!@!@
@!@!@STARTMSG 2221:0 @!@!@
  line 138, col 43 to line 138, col 106 of module snowflake_atomic: 546
@!@!@ENDMSG 2221 @!@!@
@!@!@STARTMSG 2221:0 @!@!@
  line 139, col 46 to line 139, col 72 of module snowflake_atomic: 546
@!@!@ENDMSG 2221 @!@!@
@!@!@STARTMSG 2221:0 @!@!@
  line 140, col 54 to line 140, col 103 of module snowflake_atomic: 0
@!@!@ENDMSG 2221 @!@!@
@!@!@STARTMSG 2221:0 @!@!@
  line 141, col 54 to line 141, col 97 of module snowflake_atomic: 0
@!@!@ENDMSG 2221 @!@!@
@!@!@STARTMSG 2221:0 @!@!@
  line 142, col 54 to line 142, col 57 of module snowflake_atomic: 546
@!@!@ENDMSG 2221 @!@!@
@!@!@STARTMSG 2221:0 @!@!@
  line 143, col 54 to line 144, col 77 of module snowflake_atomic: 546
@!@!@ENDMSG 2221 @!@!@
@!@!@STARTMSG 2221:0 @!@!@
  line 145, col 43 to line 145, col 58 of module snowflake_atomic: 546
@!@!@ENDMSG 2221 @!@!@
@!@!@STARTMSG 2221:0 @!@!@
  line 146, col 32 to line 146, col 35 of module snowflake_atomic: 546
@!@!@ENDMSG 2221 @!@!@
@!@!@STARTMSG 2221:0 @!@!@
  line 147, col 32 to line 148, col 67 of module snowflake_atomic: 546
@!@!@ENDMSG 2221 @!@!@
@!@!@STARTMSG 2775:0 @!@!@
  line 131, col 28 to line 131, col 33 of module snowflake_atomic: 546:1638
@!@!@ENDMSG 2775 @!@!@
@!@!@STARTMSG 2221:0 @!@!@
  line 149, col 19 to line 149, col 70 of module snowflake_atomic: 1092
@!@!@ENDMSG 2221 @!@!@
@!@!@STARTMSG 2221:0 @!@!@
  line 150, col 19 to line 150, col 53 of module snowflake_atomic: 1092
@!@!@ENDMSG 2221 @!@!@
@!@!@STARTMSG 2221:0 @!@!@
  line 151, col 19 to line 151, col 55 of module snowflake_atomic: 1092
@!@!@ENDMSG 2221 @!@!@
@!@!@STARTMSG 2772:0 @!@!@
<Terminating line 156, col 1 to line 156, col 11 of module snowflake_atomic>: 0:0
@!@!@ENDMSG 2772 @!@!@
@!@!@STARTMSG 2221:0 @!@!@
  line 156, col 19 to line 156, col 56 of module snowflake_atomic: 1227
@!@!@ENDMSG 2221 @!@!@
@!@!@STARTMSG 2221:0 @!@!@
  line 157, col 19 to line 157, col 32 of module snowflake_atomic: 0
@!@!@ENDMSG 2221 @!@!@
@!@!@STARTMSG 2202:0 @!@!@
End of statistics.
@!@!@ENDMSG 2202 @!@!@
@!@!@STARTMSG 2200:0 @!@!@
Progress(15) at 2020-05-21 21:49:01: 6,639 states generated (266,448 s/min), 1,222 distinct states found (49,043 ds/min), 0 states left on queue.
@!@!@ENDMSG 2200 @!@!@
@!@!@STARTMSG 2199:0 @!@!@
6639 states generated, 1222 distinct states found, 0 states left on queue.
@!@!@ENDMSG 2199 @!@!@
@!@!@STARTMSG 2186:0 @!@!@
Finished in 1498ms at (2020-05-21 21:49:01)
@!@!@ENDMSG 2186 @!@!@
