@!@!@STARTMSG 2262:0 @!@!@
TLC2 Version 2.14 of 10 July 2019
@!@!@ENDMSG 2262 @!@!@
@!@!@STARTMSG 2187:0 @!@!@
Running breadth-first search Model-Checking with fp 0 and seed -3844979470943713345 with 6 workers on 12 cores with 1200MB heap and 2699MB offheap memory [pid: 21644] (Windows 10 10.0 amd64, AdoptOpenJDK 11.0.3 x86_64, OffHeapDiskFPSet, DiskStateQueue).
@!@!@ENDMSG 2187 @!@!@
@!@!@STARTMSG 2220:0 @!@!@
Starting SANY...
@!@!@ENDMSG 2220 @!@!@
Parsing file D:\TLA+\toolbox\snowflake_atomic\snowflake_atomic.toolbox\Model_1\MC.tla
Parsing file D:\TLA+\toolbox\snowflake_atomic\snowflake_atomic.toolbox\Model_1\snowflake_atomic.tla
Parsing file D:\TLA+\toolbox\plugins\org.lamport.tlatools_1.0.0.201907102009\tla2sany\StandardModules\TLC.tla
Parsing file D:\TLA+\toolbox\plugins\org.lamport.tlatools_1.0.0.201907102009\tla2sany\StandardModules\Sequences.tla
Parsing file D:\TLA+\toolbox\plugins\org.lamport.tlatools_1.0.0.201907102009\tla2sany\StandardModules\Integers.tla
Parsing file D:\TLA+\toolbox\plugins\org.lamport.tlatools_1.0.0.201907102009\tla2sany\StandardModules\Naturals.tla
Parsing file D:\TLA+\toolbox\plugins\org.lamport.tlatools_1.0.0.201907102009\tla2sany\StandardModules\FiniteSets.tla
Semantic processing of module Naturals
Semantic processing of module Sequences
Semantic processing of module Integers
Semantic processing of module FiniteSets
Semantic processing of module TLC
Semantic processing of module snowflake_atomic
Semantic processing of module MC
@!@!@STARTMSG 2219:0 @!@!@
SANY finished.
@!@!@ENDMSG 2219 @!@!@
@!@!@STARTMSG 2185:0 @!@!@
Starting... (2020-05-22 00:57:25)
@!@!@ENDMSG 2185 @!@!@
@!@!@STARTMSG 2212:0 @!@!@
Implied-temporal checking--satisfiability problem has 1 branches.
@!@!@ENDMSG 2212 @!@!@
@!@!@STARTMSG 2189:0 @!@!@
Computing initial states...
@!@!@ENDMSG 2189 @!@!@
@!@!@STARTMSG 2190:0 @!@!@
Finished computing initial states: 1 distinct state generated at 2020-05-22 00:57:25.
@!@!@ENDMSG 2190 @!@!@
@!@!@STARTMSG 2114:1 @!@!@
Deadlock reached.
@!@!@ENDMSG 2114 @!@!@
@!@!@STARTMSG 2121:1 @!@!@
The behavior up to this point is:
@!@!@ENDMSG 2121 @!@!@
@!@!@STARTMSG 2217:4 @!@!@
1: <Initial predicate>
/\ decision = <<FALSE, FALSE, FALSE, FALSE, FALSE>>
/\ counter = {}
/\ pc = <<"LOOOP", "LOOOP", "LOOOP", "LOOOP", "LOOOP">>
/\ colors = <<1, 1, 2, 2, 2>>
/\ query = {}
/\ count = <<1, 1, 1, 1, 1>>
/\ decided = <<2, 2, 2, 2, 2>>
/\ majority = <<FALSE, FALSE, FALSE, FALSE, FALSE>>
/\ rounds = <<1, 1, 1, 1, 1>>
/\ conviction = <<0, 0, 0, 0, 0>>

@!@!@ENDMSG 2217 @!@!@
@!@!@STARTMSG 2217:4 @!@!@
2: <LOOOP line 117, col 16 to line 133, col 44 of module snowflake_atomic>
/\ decision = <<FALSE, TRUE, FALSE, FALSE, FALSE>>
/\ counter = {[myrounds |-> 1, color |-> 1, node |-> 2]}
/\ pc = <<"LOOOP", "WAIT", "LOOOP", "LOOOP", "LOOOP">>
/\ colors = <<1, 1, 2, 2, 2>>
/\ query = {}
/\ count = <<1, 1, 1, 1, 1>>
/\ decided = <<2, 2, 2, 2, 2>>
/\ majority = <<FALSE, FALSE, FALSE, FALSE, FALSE>>
/\ rounds = <<1, 1, 1, 1, 1>>
/\ conviction = <<0, 0, 0, 0, 0>>

@!@!@ENDMSG 2217 @!@!@
@!@!@STARTMSG 2217:4 @!@!@
3: <LOOOP line 117, col 16 to line 133, col 44 of module snowflake_atomic>
/\ decision = <<FALSE, TRUE, FALSE, FALSE, FALSE>>
/\ counter = { [myrounds |-> 1, color |-> 1, node |-> 1],
  [myrounds |-> 1, color |-> 1, node |-> 2] }
/\ pc = <<"WAIT", "WAIT", "LOOOP", "LOOOP", "LOOOP">>
/\ colors = <<1, 1, 2, 2, 2>>
/\ query = {}
/\ count = <<1, 1, 1, 1, 1>>
/\ decided = <<2, 2, 2, 2, 2>>
/\ majority = <<FALSE, FALSE, FALSE, FALSE, FALSE>>
/\ rounds = <<1, 1, 1, 1, 1>>
/\ conviction = <<0, 0, 0, 0, 0>>

@!@!@ENDMSG 2217 @!@!@
@!@!@STARTMSG 2217:4 @!@!@
4: <WAIT line 135, col 15 to line 141, col 63 of module snowflake_atomic>
/\ decision = <<FALSE, TRUE, FALSE, FALSE, FALSE>>
/\ counter = { [myrounds |-> 1, color |-> 1, node |-> 1],
  [myrounds |-> 1, color |-> 1, node |-> 2] }
/\ pc = <<"WAIT", "NEXTR", "LOOOP", "LOOOP", "LOOOP">>
/\ colors = <<1, 1, 2, 2, 2>>
/\ query = {}
/\ count = <<1, 1, 1, 1, 1>>
/\ decided = <<2, 2, 2, 2, 2>>
/\ majority = <<FALSE, FALSE, FALSE, FALSE, FALSE>>
/\ rounds = <<1, 1, 1, 1, 1>>
/\ conviction = <<0, 0, 0, 0, 0>>

@!@!@ENDMSG 2217 @!@!@
@!@!@STARTMSG 2217:4 @!@!@
5: <NEXTR line 165, col 16 to line 169, col 64 of module snowflake_atomic>
/\ decision = <<FALSE, TRUE, FALSE, FALSE, FALSE>>
/\ counter = { [myrounds |-> 1, color |-> 1, node |-> 1],
  [myrounds |-> 1, color |-> 1, node |-> 2] }
/\ pc = <<"WAIT", "LOOOP", "LOOOP", "LOOOP", "LOOOP">>
/\ colors = <<1, 1, 2, 2, 2>>
/\ query = {}
/\ count = <<1, 1, 1, 1, 1>>
/\ decided = <<2, 2, 2, 2, 2>>
/\ majority = <<FALSE, FALSE, FALSE, FALSE, FALSE>>
/\ rounds = <<1, 2, 1, 1, 1>>
/\ conviction = <<0, 0, 0, 0, 0>>

@!@!@ENDMSG 2217 @!@!@
@!@!@STARTMSG 2217:4 @!@!@
6: <LOOOP line 117, col 16 to line 133, col 44 of module snowflake_atomic>
/\ decision = <<FALSE, TRUE, FALSE, FALSE, FALSE>>
/\ counter = { [myrounds |-> 1, color |-> 1, node |-> 1],
  [myrounds |-> 1, color |-> 1, node |-> 2] }
/\ pc = <<"WAIT", "Done", "LOOOP", "LOOOP", "LOOOP">>
/\ colors = <<1, 1, 2, 2, 2>>
/\ query = {}
/\ count = <<1, 1, 1, 1, 1>>
/\ decided = <<2, 2, 2, 2, 2>>
/\ majority = <<FALSE, FALSE, FALSE, FALSE, FALSE>>
/\ rounds = <<1, 2, 1, 1, 1>>
/\ conviction = <<0, 0, 0, 0, 0>>

@!@!@ENDMSG 2217 @!@!@
@!@!@STARTMSG 2217:4 @!@!@
7: <LOOOP line 117, col 16 to line 133, col 44 of module snowflake_atomic>
/\ decision = <<FALSE, TRUE, TRUE, FALSE, FALSE>>
/\ counter = { [myrounds |-> 1, color |-> 1, node |-> 1],
  [myrounds |-> 1, color |-> 1, node |-> 2],
  [myrounds |-> 1, color |-> 1, node |-> 3] }
/\ pc = <<"WAIT", "Done", "WAIT", "LOOOP", "LOOOP">>
/\ colors = <<1, 1, 1, 2, 2>>
/\ query = {}
/\ count = <<1, 1, 1, 1, 1>>
/\ decided = <<2, 2, 2, 2, 2>>
/\ majority = <<FALSE, FALSE, FALSE, FALSE, FALSE>>
/\ rounds = <<1, 2, 1, 1, 1>>
/\ conviction = <<0, 0, 0, 0, 0>>

@!@!@ENDMSG 2217 @!@!@
@!@!@STARTMSG 2217:4 @!@!@
8: <WAIT line 135, col 15 to line 141, col 63 of module snowflake_atomic>
/\ decision = <<FALSE, TRUE, TRUE, FALSE, FALSE>>
/\ counter = { [myrounds |-> 1, color |-> 1, node |-> 1],
  [myrounds |-> 1, color |-> 1, node |-> 2],
  [myrounds |-> 1, color |-> 1, node |-> 3] }
/\ pc = <<"CONVI", "Done", "WAIT", "LOOOP", "LOOOP">>
/\ colors = <<1, 1, 1, 2, 2>>
/\ query = {}
/\ count = <<1, 1, 1, 1, 1>>
/\ decided = <<2, 2, 2, 2, 2>>
/\ majority = <<FALSE, FALSE, FALSE, FALSE, FALSE>>
/\ rounds = <<1, 2, 1, 1, 1>>
/\ conviction = <<0, 0, 0, 0, 0>>

@!@!@ENDMSG 2217 @!@!@
@!@!@STARTMSG 2217:4 @!@!@
9: <CONVI line 143, col 16 to line 163, col 63 of module snowflake_atomic>
/\ decision = <<FALSE, TRUE, TRUE, FALSE, FALSE>>
/\ counter = { [myrounds |-> 1, color |-> 1, node |-> 1],
  [myrounds |-> 1, color |-> 1, node |-> 2],
  [myrounds |-> 1, color |-> 1, node |-> 3] }
/\ pc = <<"NEXTR", "Done", "WAIT", "LOOOP", "LOOOP">>
/\ colors = <<1, 1, 1, 2, 2>>
/\ query = {}
/\ count = <<1, 1, 1, 1, 1>>
/\ decided = <<2, 2, 2, 2, 2>>
/\ majority = <<FALSE, FALSE, FALSE, FALSE, FALSE>>
/\ rounds = <<1, 2, 1, 1, 1>>
/\ conviction = <<0, 0, 0, 0, 0>>

@!@!@ENDMSG 2217 @!@!@
@!@!@STARTMSG 2217:4 @!@!@
10: <NEXTR line 165, col 16 to line 169, col 64 of module snowflake_atomic>
/\ decision = <<FALSE, TRUE, TRUE, FALSE, FALSE>>
/\ counter = { [myrounds |-> 1, color |-> 1, node |-> 1],
  [myrounds |-> 1, color |-> 1, node |-> 2],
  [myrounds |-> 1, color |-> 1, node |-> 3] }
/\ pc = <<"LOOOP", "Done", "WAIT", "LOOOP", "LOOOP">>
/\ colors = <<1, 1, 1, 2, 2>>
/\ query = {}
/\ count = <<1, 1, 1, 1, 1>>
/\ decided = <<2, 2, 2, 2, 2>>
/\ majority = <<FALSE, FALSE, FALSE, FALSE, FALSE>>
/\ rounds = <<2, 2, 1, 1, 1>>
/\ conviction = <<0, 0, 0, 0, 0>>

@!@!@ENDMSG 2217 @!@!@
@!@!@STARTMSG 2217:4 @!@!@
11: <LOOOP line 117, col 16 to line 133, col 44 of module snowflake_atomic>
/\ decision = <<FALSE, TRUE, TRUE, FALSE, FALSE>>
/\ counter = { [myrounds |-> 1, color |-> 1, node |-> 1],
  [myrounds |-> 1, color |-> 1, node |-> 2],
  [myrounds |-> 1, color |-> 1, node |-> 3],
  [myrounds |-> 2, color |-> 1, node |-> 1] }
/\ pc = <<"WAIT", "Done", "WAIT", "LOOOP", "LOOOP">>
/\ colors = <<1, 1, 1, 2, 2>>
/\ query = {}
/\ count = <<1, 1, 1, 1, 1>>
/\ decided = <<2, 2, 2, 2, 2>>
/\ majority = <<FALSE, FALSE, FALSE, FALSE, FALSE>>
/\ rounds = <<2, 2, 1, 1, 1>>
/\ conviction = <<0, 0, 0, 0, 0>>

@!@!@ENDMSG 2217 @!@!@
@!@!@STARTMSG 2217:4 @!@!@
12: <WAIT line 135, col 15 to line 141, col 63 of module snowflake_atomic>
/\ decision = <<FALSE, TRUE, TRUE, FALSE, FALSE>>
/\ counter = { [myrounds |-> 1, color |-> 1, node |-> 1],
  [myrounds |-> 1, color |-> 1, node |-> 2],
  [myrounds |-> 1, color |-> 1, node |-> 3],
  [myrounds |-> 2, color |-> 1, node |-> 1] }
/\ pc = <<"WAIT", "Done", "NEXTR", "LOOOP", "LOOOP">>
/\ colors = <<1, 1, 1, 2, 2>>
/\ query = {}
/\ count = <<1, 1, 1, 1, 1>>
/\ decided = <<2, 2, 2, 2, 2>>
/\ majority = <<FALSE, FALSE, FALSE, FALSE, FALSE>>
/\ rounds = <<2, 2, 1, 1, 1>>
/\ conviction = <<0, 0, 0, 0, 0>>

@!@!@ENDMSG 2217 @!@!@
@!@!@STARTMSG 2217:4 @!@!@
13: <NEXTR line 165, col 16 to line 169, col 64 of module snowflake_atomic>
/\ decision = <<FALSE, TRUE, TRUE, FALSE, FALSE>>
/\ counter = { [myrounds |-> 1, color |-> 1, node |-> 1],
  [myrounds |-> 1, color |-> 1, node |-> 2],
  [myrounds |-> 1, color |-> 1, node |-> 3],
  [myrounds |-> 2, color |-> 1, node |-> 1] }
/\ pc = <<"WAIT", "Done", "LOOOP", "LOOOP", "LOOOP">>
/\ colors = <<1, 1, 1, 2, 2>>
/\ query = {}
/\ count = <<1, 1, 1, 1, 1>>
/\ decided = <<2, 2, 2, 2, 2>>
/\ majority = <<FALSE, FALSE, FALSE, FALSE, FALSE>>
/\ rounds = <<2, 2, 2, 1, 1>>
/\ conviction = <<0, 0, 0, 0, 0>>

@!@!@ENDMSG 2217 @!@!@
@!@!@STARTMSG 2217:4 @!@!@
14: <LOOOP line 117, col 16 to line 133, col 44 of module snowflake_atomic>
/\ decision = <<FALSE, TRUE, TRUE, FALSE, FALSE>>
/\ counter = { [myrounds |-> 1, color |-> 1, node |-> 1],
  [myrounds |-> 1, color |-> 1, node |-> 2],
  [myrounds |-> 1, color |-> 1, node |-> 3],
  [myrounds |-> 2, color |-> 1, node |-> 1] }
/\ pc = <<"WAIT", "Done", "Done", "LOOOP", "LOOOP">>
/\ colors = <<1, 1, 1, 2, 2>>
/\ query = {}
/\ count = <<1, 1, 1, 1, 1>>
/\ decided = <<2, 2, 2, 2, 2>>
/\ majority = <<FALSE, FALSE, FALSE, FALSE, FALSE>>
/\ rounds = <<2, 2, 2, 1, 1>>
/\ conviction = <<0, 0, 0, 0, 0>>

@!@!@ENDMSG 2217 @!@!@
@!@!@STARTMSG 2217:4 @!@!@
15: <LOOOP line 117, col 16 to line 133, col 44 of module snowflake_atomic>
/\ decision = <<FALSE, TRUE, TRUE, TRUE, FALSE>>
/\ counter = { [myrounds |-> 1, color |-> 1, node |-> 1],
  [myrounds |-> 1, color |-> 1, node |-> 2],
  [myrounds |-> 1, color |-> 1, node |-> 3],
  [myrounds |-> 1, color |-> 1, node |-> 4],
  [myrounds |-> 2, color |-> 1, node |-> 1] }
/\ pc = <<"WAIT", "Done", "Done", "WAIT", "LOOOP">>
/\ colors = <<1, 1, 1, 1, 2>>
/\ query = {}
/\ count = <<1, 1, 1, 1, 1>>
/\ decided = <<2, 2, 2, 2, 2>>
/\ majority = <<FALSE, FALSE, FALSE, FALSE, FALSE>>
/\ rounds = <<2, 2, 2, 1, 1>>
/\ conviction = <<0, 0, 0, 0, 0>>

@!@!@ENDMSG 2217 @!@!@
@!@!@STARTMSG 2217:4 @!@!@
16: <WAIT line 135, col 15 to line 141, col 63 of module snowflake_atomic>
/\ decision = <<FALSE, TRUE, TRUE, TRUE, FALSE>>
/\ counter = { [myrounds |-> 1, color |-> 1, node |-> 1],
  [myrounds |-> 1, color |-> 1, node |-> 2],
  [myrounds |-> 1, color |-> 1, node |-> 3],
  [myrounds |-> 1, color |-> 1, node |-> 4],
  [myrounds |-> 2, color |-> 1, node |-> 1] }
/\ pc = <<"WAIT", "Done", "Done", "NEXTR", "LOOOP">>
/\ colors = <<1, 1, 1, 1, 2>>
/\ query = {}
/\ count = <<1, 1, 1, 1, 1>>
/\ decided = <<2, 2, 2, 2, 2>>
/\ majority = <<FALSE, FALSE, FALSE, FALSE, FALSE>>
/\ rounds = <<2, 2, 2, 1, 1>>
/\ conviction = <<0, 0, 0, 0, 0>>

@!@!@ENDMSG 2217 @!@!@
@!@!@STARTMSG 2217:4 @!@!@
17: <NEXTR line 165, col 16 to line 169, col 64 of module snowflake_atomic>
/\ decision = <<FALSE, TRUE, TRUE, TRUE, FALSE>>
/\ counter = { [myrounds |-> 1, color |-> 1, node |-> 1],
  [myrounds |-> 1, color |-> 1, node |-> 2],
  [myrounds |-> 1, color |-> 1, node |-> 3],
  [myrounds |-> 1, color |-> 1, node |-> 4],
  [myrounds |-> 2, color |-> 1, node |-> 1] }
/\ pc = <<"WAIT", "Done", "Done", "LOOOP", "LOOOP">>
/\ colors = <<1, 1, 1, 1, 2>>
/\ query = {}
/\ count = <<1, 1, 1, 1, 1>>
/\ decided = <<2, 2, 2, 2, 2>>
/\ majority = <<FALSE, FALSE, FALSE, FALSE, FALSE>>
/\ rounds = <<2, 2, 2, 2, 1>>
/\ conviction = <<0, 0, 0, 0, 0>>

@!@!@ENDMSG 2217 @!@!@
@!@!@STARTMSG 2217:4 @!@!@
18: <LOOOP line 117, col 16 to line 133, col 44 of module snowflake_atomic>
/\ decision = <<FALSE, TRUE, TRUE, TRUE, TRUE>>
/\ counter = { [myrounds |-> 1, color |-> 1, node |-> 1],
  [myrounds |-> 1, color |-> 1, node |-> 2],
  [myrounds |-> 1, color |-> 1, node |-> 3],
  [myrounds |-> 1, color |-> 1, node |-> 4],
  [myrounds |-> 1, color |-> 1, node |-> 5],
  [myrounds |-> 2, color |-> 1, node |-> 1] }
/\ pc = <<"WAIT", "Done", "Done", "LOOOP", "WAIT">>
/\ colors = <<1, 1, 1, 1, 1>>
/\ query = {}
/\ count = <<1, 1, 1, 1, 1>>
/\ decided = <<2, 2, 2, 2, 2>>
/\ majority = <<FALSE, FALSE, FALSE, FALSE, FALSE>>
/\ rounds = <<2, 2, 2, 2, 1>>
/\ conviction = <<0, 0, 0, 0, 0>>

@!@!@ENDMSG 2217 @!@!@
@!@!@STARTMSG 2217:4 @!@!@
19: <LOOOP line 117, col 16 to line 133, col 44 of module snowflake_atomic>
/\ decision = <<FALSE, TRUE, TRUE, TRUE, TRUE>>
/\ counter = { [myrounds |-> 1, color |-> 1, node |-> 1],
  [myrounds |-> 1, color |-> 1, node |-> 2],
  [myrounds |-> 1, color |-> 1, node |-> 3],
  [myrounds |-> 1, color |-> 1, node |-> 4],
  [myrounds |-> 1, color |-> 1, node |-> 5],
  [myrounds |-> 2, color |-> 1, node |-> 1] }
/\ pc = <<"WAIT", "Done", "Done", "Done", "WAIT">>
/\ colors = <<1, 1, 1, 1, 1>>
/\ query = {}
/\ count = <<1, 1, 1, 1, 1>>
/\ decided = <<2, 2, 2, 2, 2>>
/\ majority = <<FALSE, FALSE, FALSE, FALSE, FALSE>>
/\ rounds = <<2, 2, 2, 2, 1>>
/\ conviction = <<0, 0, 0, 0, 0>>

@!@!@ENDMSG 2217 @!@!@
@!@!@STARTMSG 2217:4 @!@!@
20: <WAIT line 135, col 15 to line 141, col 63 of module snowflake_atomic>
/\ decision = <<FALSE, TRUE, TRUE, TRUE, TRUE>>
/\ counter = { [myrounds |-> 1, color |-> 1, node |-> 1],
  [myrounds |-> 1, color |-> 1, node |-> 2],
  [myrounds |-> 1, color |-> 1, node |-> 3],
  [myrounds |-> 1, color |-> 1, node |-> 4],
  [myrounds |-> 1, color |-> 1, node |-> 5],
  [myrounds |-> 2, color |-> 1, node |-> 1] }
/\ pc = <<"WAIT", "Done", "Done", "Done", "NEXTR">>
/\ colors = <<1, 1, 1, 1, 1>>
/\ query = {}
/\ count = <<1, 1, 1, 1, 1>>
/\ decided = <<2, 2, 2, 2, 2>>
/\ majority = <<FALSE, FALSE, FALSE, FALSE, FALSE>>
/\ rounds = <<2, 2, 2, 2, 1>>
/\ conviction = <<0, 0, 0, 0, 0>>

@!@!@ENDMSG 2217 @!@!@
@!@!@STARTMSG 2217:4 @!@!@
21: <NEXTR line 165, col 16 to line 169, col 64 of module snowflake_atomic>
/\ decision = <<FALSE, TRUE, TRUE, TRUE, TRUE>>
/\ counter = { [myrounds |-> 1, color |-> 1, node |-> 1],
  [myrounds |-> 1, color |-> 1, node |-> 2],
  [myrounds |-> 1, color |-> 1, node |-> 3],
  [myrounds |-> 1, color |-> 1, node |-> 4],
  [myrounds |-> 1, color |-> 1, node |-> 5],
  [myrounds |-> 2, color |-> 1, node |-> 1] }
/\ pc = <<"WAIT", "Done", "Done", "Done", "LOOOP">>
/\ colors = <<1, 1, 1, 1, 1>>
/\ query = {}
/\ count = <<1, 1, 1, 1, 1>>
/\ decided = <<2, 2, 2, 2, 2>>
/\ majority = <<FALSE, FALSE, FALSE, FALSE, FALSE>>
/\ rounds = <<2, 2, 2, 2, 2>>
/\ conviction = <<0, 0, 0, 0, 0>>

@!@!@ENDMSG 2217 @!@!@
@!@!@STARTMSG 2217:4 @!@!@
22: <LOOOP line 117, col 16 to line 133, col 44 of module snowflake_atomic>
/\ decision = <<FALSE, TRUE, TRUE, TRUE, TRUE>>
/\ counter = { [myrounds |-> 1, color |-> 1, node |-> 1],
  [myrounds |-> 1, color |-> 1, node |-> 2],
  [myrounds |-> 1, color |-> 1, node |-> 3],
  [myrounds |-> 1, color |-> 1, node |-> 4],
  [myrounds |-> 1, color |-> 1, node |-> 5],
  [myrounds |-> 2, color |-> 1, node |-> 1] }
/\ pc = <<"WAIT", "Done", "Done", "Done", "Done">>
/\ colors = <<1, 1, 1, 1, 1>>
/\ query = {}
/\ count = <<1, 1, 1, 1, 1>>
/\ decided = <<2, 2, 2, 2, 2>>
/\ majority = <<FALSE, FALSE, FALSE, FALSE, FALSE>>
/\ rounds = <<2, 2, 2, 2, 2>>
/\ conviction = <<0, 0, 0, 0, 0>>

@!@!@ENDMSG 2217 @!@!@
@!@!@STARTMSG 2201:0 @!@!@
The coverage statistics at 2020-05-22 00:57:26
@!@!@ENDMSG 2201 @!@!@
@!@!@STARTMSG 2773:0 @!@!@
<Init line 104, col 1 to line 104, col 4 of module snowflake_atomic>: 2:2
@!@!@ENDMSG 2773 @!@!@
@!@!@STARTMSG 2221:0 @!@!@
  line 105, col 9 to line 115, col 46 of module snowflake_atomic: 2
@!@!@ENDMSG 2221 @!@!@
@!@!@STARTMSG 2772:0 @!@!@
<LOOOP line 117, col 1 to line 117, col 11 of module snowflake_atomic>: 1713:7036
@!@!@ENDMSG 2772 @!@!@
@!@!@STARTMSG 2221:0 @!@!@
  line 117, col 19 to line 117, col 36 of module snowflake_atomic: 25527
@!@!@ENDMSG 2221 @!@!@
@!@!@STARTMSG 2221:0 @!@!@
  |line 117, col 19 to line 117, col 26 of module snowflake_atomic: 18491
@!@!@ENDMSG 2221 @!@!@
@!@!@STARTMSG 2221:0 @!@!@
  line 118, col 22 to line 118, col 42 of module snowflake_atomic: 7036
@!@!@ENDMSG 2221 @!@!@
@!@!@STARTMSG 2221:0 @!@!@
  line 119, col 33 to line 119, col 48 of module snowflake_atomic: 4047
@!@!@ENDMSG 2221 @!@!@
@!@!@STARTMSG 2221:0 @!@!@
  line 120, col 41 to line 120, col 138 of module snowflake_atomic: 1939
@!@!@ENDMSG 2221 @!@!@
@!@!@STARTMSG 2221:0 @!@!@
  line 121, col 44 to line 121, col 51 of module snowflake_atomic: 1939
@!@!@ENDMSG 2221 @!@!@
@!@!@STARTMSG 2221:0 @!@!@
  line 122, col 49 to line 122, col 95 of module snowflake_atomic: 701
@!@!@ENDMSG 2221 @!@!@
@!@!@STARTMSG 2221:0 @!@!@
  line 123, col 52 to line 123, col 55 of module snowflake_atomic: 1238
@!@!@ENDMSG 2221 @!@!@
@!@!@STARTMSG 2221:0 @!@!@
  line 124, col 52 to line 124, col 69 of module snowflake_atomic: 1238
@!@!@ENDMSG 2221 @!@!@
@!@!@STARTMSG 2221:0 @!@!@
  line 125, col 41 to line 125, col 56 of module snowflake_atomic: 1939
@!@!@ENDMSG 2221 @!@!@
@!@!@STARTMSG 2221:0 @!@!@
  line 126, col 38 to line 128, col 84 of module snowflake_atomic: 2108
@!@!@ENDMSG 2221 @!@!@
@!@!@STARTMSG 2221:0 @!@!@
  line 129, col 30 to line 129, col 63 of module snowflake_atomic: 4047
@!@!@ENDMSG 2221 @!@!@
@!@!@STARTMSG 2221:0 @!@!@
  line 130, col 30 to line 130, col 63 of module snowflake_atomic: 2989
@!@!@ENDMSG 2221 @!@!@
@!@!@STARTMSG 2221:0 @!@!@
  line 131, col 30 to line 131, col 70 of module snowflake_atomic: 2989
@!@!@ENDMSG 2221 @!@!@
@!@!@STARTMSG 2221:0 @!@!@
  line 132, col 19 to line 133, col 44 of module snowflake_atomic: 7036
@!@!@ENDMSG 2221 @!@!@
@!@!@STARTMSG 2772:0 @!@!@
<WAIT line 135, col 1 to line 135, col 10 of module snowflake_atomic>: 965:3600
@!@!@ENDMSG 2772 @!@!@
@!@!@STARTMSG 2221:0 @!@!@
  line 135, col 18 to line 135, col 34 of module snowflake_atomic: 22081
@!@!@ENDMSG 2221 @!@!@
@!@!@STARTMSG 2221:0 @!@!@
  |line 135, col 18 to line 135, col 25 of module snowflake_atomic: 18481
@!@!@ENDMSG 2221 @!@!@
@!@!@STARTMSG 2221:0 @!@!@
  line 136, col 21 to line 136, col 28 of module snowflake_atomic: 4242
@!@!@ENDMSG 2221 @!@!@
@!@!@STARTMSG 2221:0 @!@!@
  line 137, col 30 to line 137, col 68 of module snowflake_atomic: 609
@!@!@ENDMSG 2221 @!@!@
@!@!@STARTMSG 2221:0 @!@!@
  |line 137, col 30 to line 137, col 64 of module snowflake_atomic: 1251
@!@!@ENDMSG 2221 @!@!@
@!@!@STARTMSG 2221:0 @!@!@
  ||line 137, col 42 to line 137, col 63 of module snowflake_atomic: 1251
@!@!@ENDMSG 2221 @!@!@
@!@!@STARTMSG 2221:0 @!@!@
  |||line 94, col 20 to line 94, col 60 of module snowflake_atomic: 1251
@!@!@ENDMSG 2221 @!@!@
@!@!@STARTMSG 2221:0 @!@!@
  ||||line 94, col 39 to line 94, col 59 of module snowflake_atomic: 5894
@!@!@ENDMSG 2221 @!@!@
@!@!@STARTMSG 2221:0 @!@!@
  ||||line 94, col 30 to line 94, col 36 of module snowflake_atomic: 1251
@!@!@ENDMSG 2221 @!@!@
@!@!@STARTMSG 2221:0 @!@!@
  |||line 137, col 51 to line 137, col 62 of module snowflake_atomic: 1251
@!@!@ENDMSG 2221 @!@!@
@!@!@STARTMSG 2221:0 @!@!@
  |line 137, col 68 to line 137, col 68 of module snowflake_atomic: 1251
@!@!@ENDMSG 2221 @!@!@
@!@!@STARTMSG 2221:0 @!@!@
  line 138, col 29 to line 138, col 63 of module snowflake_atomic: 609
@!@!@ENDMSG 2221 @!@!@
@!@!@STARTMSG 2221:0 @!@!@
  line 139, col 26 to line 139, col 63 of module snowflake_atomic: 2991
@!@!@ENDMSG 2221 @!@!@
@!@!@STARTMSG 2221:0 @!@!@
  line 140, col 18 to line 141, col 63 of module snowflake_atomic: 3600
@!@!@ENDMSG 2221 @!@!@
@!@!@STARTMSG 2772:0 @!@!@
<CONVI line 143, col 1 to line 143, col 11 of module snowflake_atomic>: 26:609
@!@!@ENDMSG 2772 @!@!@
@!@!@STARTMSG 2221:0 @!@!@
  line 143, col 19 to line 143, col 36 of module snowflake_atomic: 19085
@!@!@ENDMSG 2221 @!@!@
@!@!@STARTMSG 2221:0 @!@!@
  |line 143, col 19 to line 143, col 26 of module snowflake_atomic: 18476
@!@!@ENDMSG 2221 @!@!@
@!@!@STARTMSG 2221:0 @!@!@
  line 145, col 24 to line 145, col 76 of module snowflake_atomic: 609
@!@!@ENDMSG 2221 @!@!@
@!@!@STARTMSG 2221:0 @!@!@
  |line 145, col 24 to line 145, col 65 of module snowflake_atomic: 609
@!@!@ENDMSG 2221 @!@!@
@!@!@STARTMSG 2221:0 @!@!@
  ||line 145, col 36 to line 145, col 64 of module snowflake_atomic: 609
@!@!@ENDMSG 2221 @!@!@
@!@!@STARTMSG 2221:0 @!@!@
  |||line 95, col 27 to line 95, col 85 of module snowflake_atomic: 609
@!@!@ENDMSG 2221 @!@!@
@!@!@STARTMSG 2221:0 @!@!@
  ||||line 95, col 46 to line 95, col 84 of module snowflake_atomic: 2595
@!@!@ENDMSG 2221 @!@!@
@!@!@STARTMSG 2221:0 @!@!@
  ||||line 95, col 37 to line 95, col 43 of module snowflake_atomic: 609
@!@!@ENDMSG 2221 @!@!@
@!@!@STARTMSG 2221:0 @!@!@
  |||line 145, col 49 to line 145, col 49 of module snowflake_atomic: 609
@!@!@ENDMSG 2221 @!@!@
@!@!@STARTMSG 2221:0 @!@!@
  |line 145, col 72 to line 145, col 76 of module snowflake_atomic: 609
@!@!@ENDMSG 2221 @!@!@
@!@!@STARTMSG 2221:0 @!@!@
  line 146, col 32 to line 146, col 75 of module snowflake_atomic: 0
@!@!@ENDMSG 2221 @!@!@
@!@!@STARTMSG 2221:0 @!@!@
  line 148, col 43 to line 148, col 79 of module snowflake_atomic: 0
@!@!@ENDMSG 2221 @!@!@
@!@!@STARTMSG 2221:0 @!@!@
  line 149, col 43 to line 149, col 87 of module snowflake_atomic: 0
@!@!@ENDMSG 2221 @!@!@
@!@!@STARTMSG 2221:0 @!@!@
  line 150, col 43 to line 150, col 75 of module snowflake_atomic: 0
@!@!@ENDMSG 2221 @!@!@
@!@!@STARTMSG 2221:0 @!@!@
  line 151, col 43 to line 151, col 106 of module snowflake_atomic: 0
@!@!@ENDMSG 2221 @!@!@
@!@!@STARTMSG 2221:0 @!@!@
  line 153, col 54 to line 153, col 103 of module snowflake_atomic: 0
@!@!@ENDMSG 2221 @!@!@
@!@!@STARTMSG 2221:0 @!@!@
  line 154, col 54 to line 154, col 97 of module snowflake_atomic: 0
@!@!@ENDMSG 2221 @!@!@
@!@!@STARTMSG 2221:0 @!@!@
  line 156, col 54 to line 157, col 77 of module snowflake_atomic: 0
@!@!@ENDMSG 2221 @!@!@
@!@!@STARTMSG 2221:0 @!@!@
  line 158, col 43 to line 158, col 58 of module snowflake_atomic: 0
@!@!@ENDMSG 2221 @!@!@
@!@!@STARTMSG 2221:0 @!@!@
  line 159, col 32 to line 159, col 35 of module snowflake_atomic: 609
@!@!@ENDMSG 2221 @!@!@
@!@!@STARTMSG 2221:0 @!@!@
  line 160, col 32 to line 161, col 67 of module snowflake_atomic: 609
@!@!@ENDMSG 2221 @!@!@
@!@!@STARTMSG 2775:0 @!@!@
  line 144, col 28 to line 144, col 30 of module snowflake_atomic: 609:1218
@!@!@ENDMSG 2775 @!@!@
@!@!@STARTMSG 2221:0 @!@!@
  line 162, col 19 to line 162, col 53 of module snowflake_atomic: 609
@!@!@ENDMSG 2221 @!@!@
@!@!@STARTMSG 2221:0 @!@!@
  line 163, col 19 to line 163, col 63 of module snowflake_atomic: 609
@!@!@ENDMSG 2221 @!@!@
@!@!@STARTMSG 2772:0 @!@!@
<NEXTR line 165, col 1 to line 165, col 11 of module snowflake_atomic>: 977:3597
@!@!@ENDMSG 2772 @!@!@
@!@!@STARTMSG 2221:0 @!@!@
  line 165, col 19 to line 165, col 36 of module snowflake_atomic: 22072
@!@!@ENDMSG 2221 @!@!@
@!@!@STARTMSG 2221:0 @!@!@
  |line 165, col 19 to line 165, col 26 of module snowflake_atomic: 18475
@!@!@ENDMSG 2221 @!@!@
@!@!@STARTMSG 2221:0 @!@!@
  line 166, col 19 to line 166, col 70 of module snowflake_atomic: 3597
@!@!@ENDMSG 2221 @!@!@
@!@!@STARTMSG 2221:0 @!@!@
  line 167, col 19 to line 167, col 53 of module snowflake_atomic: 3597
@!@!@ENDMSG 2221 @!@!@
@!@!@STARTMSG 2221:0 @!@!@
  line 168, col 19 to line 169, col 64 of module snowflake_atomic: 3597
@!@!@ENDMSG 2221 @!@!@
@!@!@STARTMSG 2772:0 @!@!@
<Terminating line 174, col 1 to line 174, col 11 of module snowflake_atomic>: 0:0
@!@!@ENDMSG 2772 @!@!@
@!@!@STARTMSG 2221:0 @!@!@
  line 174, col 19 to line 174, col 56 of module snowflake_atomic: 3686
@!@!@ENDMSG 2221 @!@!@
@!@!@STARTMSG 2221:0 @!@!@
  line 175, col 19 to line 175, col 32 of module snowflake_atomic: 0
@!@!@ENDMSG 2221 @!@!@
@!@!@STARTMSG 2202:0 @!@!@
End of statistics.
@!@!@ENDMSG 2202 @!@!@
@!@!@STARTMSG 2200:0 @!@!@
Progress(22) at 2020-05-22 00:57:26: 14,802 states generated (440,535 s/min), 3,682 distinct states found (109,583 ds/min), 0 states left on queue.
@!@!@ENDMSG 2200 @!@!@
@!@!@STARTMSG 2199:0 @!@!@
14802 states generated, 3682 distinct states found, 0 states left on queue.
@!@!@ENDMSG 2199 @!@!@
@!@!@STARTMSG 2194:0 @!@!@
The depth of the complete state graph search is 22.
@!@!@ENDMSG 2194 @!@!@
@!@!@STARTMSG 2268:0 @!@!@
The average outdegree of the complete state graph is 1 (minimum is 0, the maximum 5 and the 95th percentile is 2).
@!@!@ENDMSG 2268 @!@!@
@!@!@STARTMSG 2186:0 @!@!@
Finished in 2021ms at (2020-05-22 00:57:26)
@!@!@ENDMSG 2186 @!@!@
